main start at this time 1713074562.3222818
-----------------------------------------before load data 
 Nvidia-smi: 0.3560791015625 GB
    Memory Allocated: 0.0  GigaBytes
Max Memory Allocated: 0.0  GigaBytes

  NumNodes: 19717
  NumEdges: 88651
  NumFeats: 500
  NumClasses: 3
  NumTrainingSamples: 60
  NumValidationSamples: 500
  NumTestSamples: 1000
Done loading data from cached files.
success----------------------------------------
60
500
19157
# Nodes: 19717
# Edges: 88648
# Train: 60
# Val: 500
# Test: 19157
# Classes: 3

----------------------------------------start of run function 
 Nvidia-smi: 0.3560791015625 GB
    Memory Allocated: 0.0  GigaBytes
Max Memory Allocated: 0.0  GigaBytes

in feats:  500
self.num_batch (get_in_degree_bucketing) 30
---||-----||-----||-----||-----||-----||-----||-----||-----||-----||-----||-----||-----||-----||-----||-----||-----||-----||-----||-----||--
self.num_batch,  30
16
16
[0.43333333333333335, 0.1, 0.1, 0.05, 0.03333333333333333, 0.06666666666666667, 0.016666666666666666, 0.05, 0.016666666666666666, 0.016666666666666666, 0.016666666666666666, 0.03333333333333333, 0.016666666666666666, 0.016666666666666666, 0.016666666666666666, 0.016666666666666666]
bkt_dst_nodes_list = self.get_in_degree_bucketing() spend:  0.0007951259613037109
self.gen_batches_seeds_list(bkt_dst_nodes_list_local) spend  5.0067901611328125e-05
num_output  60
self.output_nids  60
output nodes length match
global output equals  True
partition total batch output list spend :  0.0030584335327148438
self.buckets_partition() spend  sec:  0.0008513927459716797
check connections block*********************************

the find indices time spent  4.1961669921875e-05

in edges time spent  0.01264500617980957
local to global src and eids time spent  0.0005962848663330078
time gen tails  5.602836608886719e-05
res  length 16

block_gen_time in "generate_blocks_for_one_layer_block"  0.024873018264770508

----------------------------------------
check connections block*********************************

the find indices time spent  0.0002052783966064453

in edges time spent  0.008352279663085938
local to global src and eids time spent  0.002028942108154297
time gen tails  0.0002624988555908203
res  length 16

block_gen_time in "generate_blocks_for_one_layer_block"  0.02698826789855957

----------------------------------------
check connections block*********************************

the find indices time spent  0.0007920265197753906

in edges time spent  0.008562088012695312
local to global src and eids time spent  0.0068683624267578125
time gen tails  0.001054525375366211
res  length 16

block_gen_time in "generate_blocks_for_one_layer_block"  0.04055476188659668

block collection to dataloader spend  9.298324584960938e-06
redundancy ratio #input/#seeds/degree
50.46153846153846
41.333333333333336
30.722222222222225
50.75
36.8
22.25
6.571428571428571
33.875
36.0
10.9
48.90909090909091
30.352941176470587
42.22222222222222
40.5
5.241379310344827
28.9
layer  0
{1: 147, 2: 55, 3: 48, 4: 17, 5: 14, 6: 15, 7: 11, 8: 11, 9: 9, 10: 102}
layer  1
{1: 26, 2: 1, 6: 3, 8: 1, 10: 2, 11: 2, 13: 2, 14: 4, 17: 1, 19: 2, 22: 1, 25: 7}
layer  2
{1: 26}

layer  0
{1: 33, 2: 30, 3: 12, 4: 11, 5: 4, 6: 7, 7: 5, 8: 7, 9: 3, 10: 42}
layer  1
{2: 7, 3: 1, 7: 2, 9: 1, 14: 1, 16: 1, 18: 1, 20: 2, 22: 1, 25: 1}
layer  2
{2: 6}

layer  0
{1: 51, 2: 41, 3: 30, 4: 18, 5: 15, 6: 1, 7: 2, 8: 2, 9: 4, 10: 47}
layer  1
{1: 1, 2: 1, 3: 7, 4: 2, 5: 1, 11: 1, 12: 1, 13: 2, 16: 1, 19: 2, 22: 1, 23: 1, 24: 1, 25: 2}
layer  2
{3: 6}

layer  0
{1: 27, 2: 22, 3: 9, 4: 15, 5: 12, 6: 10, 7: 10, 8: 8, 9: 3, 10: 59}
layer  1
{2: 2, 4: 3, 6: 1, 9: 1, 11: 1, 15: 1, 21: 1, 24: 1, 25: 4}
layer  2
{4: 3}

layer  0
{1: 28, 2: 14, 3: 10, 4: 8, 5: 6, 6: 6, 7: 6, 8: 1, 9: 5, 10: 27}
layer  1
{2: 1, 3: 2, 4: 2, 5: 2, 20: 1, 21: 1, 24: 1, 25: 2}
layer  2
{5: 2}

layer  0
{1: 35, 2: 30, 3: 18, 4: 8, 5: 10, 6: 14, 7: 8, 8: 3, 9: 9, 10: 49}
layer  1
{1: 5, 3: 2, 4: 3, 6: 7, 8: 1, 9: 1, 12: 1, 14: 1, 16: 1, 17: 1, 19: 1, 21: 2, 24: 1, 25: 1}
layer  2
{6: 4}

layer  0
{1: 4, 2: 1, 3: 1, 4: 3, 5: 2, 7: 1, 8: 1, 10: 2}
layer  1
{1: 4, 2: 1, 4: 1, 5: 1, 7: 1}
layer  2
{7: 1}

layer  0
{1: 5, 2: 11, 3: 6, 4: 10, 5: 6, 6: 9, 7: 9, 8: 9, 9: 2, 10: 93}
layer  1
{2: 1, 3: 1, 4: 3, 5: 2, 6: 3, 8: 5, 11: 1, 12: 2, 13: 1, 14: 1, 15: 2, 16: 1, 17: 2, 23: 1, 25: 1}
layer  2
{8: 3}

layer  0
{1: 7, 2: 3, 3: 6, 4: 4, 5: 4, 6: 1, 7: 3, 8: 2, 9: 3, 10: 32}
layer  1
{2: 1, 3: 1, 4: 1, 5: 1, 7: 2, 8: 1, 9: 1, 19: 1, 21: 1}
layer  2
{9: 1}

layer  0
{1: 12, 2: 8, 3: 2, 4: 3, 6: 2, 8: 2, 10: 7}
layer  1
{1: 6, 2: 1, 3: 2, 10: 1, 25: 1}
layer  2
{10: 1}

layer  0
{1: 6, 2: 1, 3: 3, 4: 1, 5: 6, 6: 3, 7: 3, 8: 2, 9: 6, 10: 46}
layer  1
{1: 5, 3: 2, 5: 1, 8: 1, 11: 1, 25: 2}
layer  2
{11: 1}

layer  0
{1: 76, 2: 42, 3: 27, 4: 15, 5: 14, 6: 12, 7: 11, 8: 10, 10: 89}
layer  1
{1: 6, 2: 4, 3: 2, 4: 1, 5: 2, 6: 4, 7: 2, 8: 1, 10: 2, 14: 1, 16: 1, 17: 2, 19: 2, 21: 1, 24: 1, 25: 4}
layer  2
{17: 2}

layer  0
{1: 11, 2: 14, 3: 7, 4: 7, 5: 9, 6: 10, 7: 3, 8: 3, 9: 3, 10: 153}
layer  1
{12: 3, 16: 1, 18: 2, 19: 1, 20: 1, 21: 1, 22: 1, 25: 9}
layer  2
{18: 1}

layer  0
{1: 25, 2: 20, 3: 16, 4: 9, 5: 4, 6: 6, 7: 5, 8: 2, 9: 4, 10: 142}
layer  1
{2: 1, 5: 1, 7: 1, 9: 2, 10: 1, 11: 1, 12: 3, 13: 1, 15: 1, 18: 1, 19: 2, 22: 2, 25: 6}
layer  2
{22: 1}

layer  0
{1: 15, 2: 10, 3: 5, 5: 1, 6: 4, 7: 4, 10: 13}
layer  1
{1: 14, 2: 5, 3: 3, 5: 1, 6: 2, 7: 4, 25: 1}
layer  2
{29: 1}

layer  0
{1: 38, 2: 28, 3: 22, 4: 18, 5: 10, 6: 8, 7: 10, 8: 7, 9: 6, 10: 88}
layer  1
{1: 3, 2: 3, 3: 2, 4: 6, 5: 1, 8: 1, 10: 3, 11: 1, 13: 1, 15: 2, 17: 1, 18: 1, 19: 1, 23: 2, 24: 1, 25: 2}
layer  2
{30: 1}

data_dict
[[{1: 147, 2: 55, 3: 48, 4: 17, 5: 14, 6: 15, 7: 11, 8: 11, 9: 9, 10: 102}, {1: 26, 2: 1, 6: 3, 8: 1, 10: 2, 11: 2, 13: 2, 14: 4, 17: 1, 19: 2, 22: 1, 25: 7}, {1: 26}], [{1: 33, 2: 30, 3: 12, 4: 11, 5: 4, 6: 7, 7: 5, 8: 7, 9: 3, 10: 42}, {2: 7, 3: 1, 7: 2, 9: 1, 14: 1, 16: 1, 18: 1, 20: 2, 22: 1, 25: 1}, {2: 6}], [{1: 51, 2: 41, 3: 30, 4: 18, 5: 15, 6: 1, 7: 2, 8: 2, 9: 4, 10: 47}, {1: 1, 2: 1, 3: 7, 4: 2, 5: 1, 11: 1, 12: 1, 13: 2, 16: 1, 19: 2, 22: 1, 23: 1, 24: 1, 25: 2}, {3: 6}], [{1: 27, 2: 22, 3: 9, 4: 15, 5: 12, 6: 10, 7: 10, 8: 8, 9: 3, 10: 59}, {2: 2, 4: 3, 6: 1, 9: 1, 11: 1, 15: 1, 21: 1, 24: 1, 25: 4}, {4: 3}], [{1: 28, 2: 14, 3: 10, 4: 8, 5: 6, 6: 6, 7: 6, 8: 1, 9: 5, 10: 27}, {2: 1, 3: 2, 4: 2, 5: 2, 20: 1, 21: 1, 24: 1, 25: 2}, {5: 2}], [{1: 35, 2: 30, 3: 18, 4: 8, 5: 10, 6: 14, 7: 8, 8: 3, 9: 9, 10: 49}, {1: 5, 3: 2, 4: 3, 6: 7, 8: 1, 9: 1, 12: 1, 14: 1, 16: 1, 17: 1, 19: 1, 21: 2, 24: 1, 25: 1}, {6: 4}], [{1: 4, 2: 1, 3: 1, 4: 3, 5: 2, 7: 1, 8: 1, 10: 2}, {1: 4, 2: 1, 4: 1, 5: 1, 7: 1}, {7: 1}], [{1: 5, 2: 11, 3: 6, 4: 10, 5: 6, 6: 9, 7: 9, 8: 9, 9: 2, 10: 93}, {2: 1, 3: 1, 4: 3, 5: 2, 6: 3, 8: 5, 11: 1, 12: 2, 13: 1, 14: 1, 15: 2, 16: 1, 17: 2, 23: 1, 25: 1}, {8: 3}], [{1: 7, 2: 3, 3: 6, 4: 4, 5: 4, 6: 1, 7: 3, 8: 2, 9: 3, 10: 32}, {2: 1, 3: 1, 4: 1, 5: 1, 7: 2, 8: 1, 9: 1, 19: 1, 21: 1}, {9: 1}], [{1: 12, 2: 8, 3: 2, 4: 3, 6: 2, 8: 2, 10: 7}, {1: 6, 2: 1, 3: 2, 10: 1, 25: 1}, {10: 1}], [{1: 6, 2: 1, 3: 3, 4: 1, 5: 6, 6: 3, 7: 3, 8: 2, 9: 6, 10: 46}, {1: 5, 3: 2, 5: 1, 8: 1, 11: 1, 25: 2}, {11: 1}], [{1: 76, 2: 42, 3: 27, 4: 15, 5: 14, 6: 12, 7: 11, 8: 10, 10: 89}, {1: 6, 2: 4, 3: 2, 4: 1, 5: 2, 6: 4, 7: 2, 8: 1, 10: 2, 14: 1, 16: 1, 17: 2, 19: 2, 21: 1, 24: 1, 25: 4}, {17: 2}], [{1: 11, 2: 14, 3: 7, 4: 7, 5: 9, 6: 10, 7: 3, 8: 3, 9: 3, 10: 153}, {12: 3, 16: 1, 18: 2, 19: 1, 20: 1, 21: 1, 22: 1, 25: 9}, {18: 1}], [{1: 25, 2: 20, 3: 16, 4: 9, 5: 4, 6: 6, 7: 5, 8: 2, 9: 4, 10: 142}, {2: 1, 5: 1, 7: 1, 9: 2, 10: 1, 11: 1, 12: 3, 13: 1, 15: 1, 18: 1, 19: 2, 22: 2, 25: 6}, {22: 1}], [{1: 15, 2: 10, 3: 5, 5: 1, 6: 4, 7: 4, 10: 13}, {1: 14, 2: 5, 3: 3, 5: 1, 6: 2, 7: 4, 25: 1}, {29: 1}], [{1: 38, 2: 28, 3: 22, 4: 18, 5: 10, 6: 8, 7: 10, 8: 7, 9: 6, 10: 88}, {1: 3, 2: 3, 3: 2, 4: 6, 5: 1, 8: 1, 10: 3, 11: 1, 13: 1, 15: 2, 17: 1, 18: 1, 19: 1, 23: 2, 24: 1, 25: 2}, {30: 1}]]
degree  1
degree  2
degree  3
degree  4
degree  5
degree  6
degree  7
degree  8
degree  9
degree  10
degree  11
degree  17
degree  18
degree  22
degree  29
degree  30
estimated_mem_dict
{1: 1.1432076394557953, 2: 0.4548895061016083, 3: 0.674435555934906, 4: 0.49596378207206726, 5: 0.3137648105621338, 6: 0.6529483795166016, 7: 0.03758177161216736, 8: 0.5981462895870209, 9: 0.18119126558303833, 10: 0.0667194128036499, 11: 0.18105071783065796, 17: 0.8216840028762817, 18: 0.5668765604496002, 22: 0.6263529360294342, 29: 0.12403017282485962, 30: 0.7920227944850922}
 MM estimated memory/GB degree 1: 1.1432076394557953 * 50.46153846153846
 MM estimated memory/GB degree 2: 0.4548895061016083 * 41.333333333333336
 MM estimated memory/GB degree 3: 0.674435555934906 * 30.722222222222225
 MM estimated memory/GB degree 4: 0.49596378207206726 * 50.75
 MM estimated memory/GB degree 5: 0.3137648105621338 * 36.8
 MM estimated memory/GB degree 6: 0.6529483795166016 * 22.25
 MM estimated memory/GB degree 7: 0.03758177161216736 * 6.571428571428571
 MM estimated memory/GB degree 8: 0.5981462895870209 * 33.875
 MM estimated memory/GB degree 9: 0.18119126558303833 * 36.0
 MM estimated memory/GB degree 10: 0.0667194128036499 * 10.9
 MM estimated memory/GB degree 11: 0.18105071783065796 * 48.90909090909091
 MM estimated memory/GB degree 17: 0.8216840028762817 * 30.352941176470587
 MM estimated memory/GB degree 18: 0.5668765604496002 * 42.22222222222222
 MM estimated memory/GB degree 22: 0.6263529360294342 * 40.5
 MM estimated memory/GB degree 29: 0.12403017282485962 * 5.241379310344827
 MM estimated memory/GB degree 30: 0.7920227944850922 * 28.9

the total length of degree buckets  16
modified_res  [57.68801626792321, 18.802099585533142, 20.72015902400017, 25.170161940157413, 11.546545028686522, 14.528101444244385, 0.24696592773709977, 20.262205559760332, 6.52288556098938, 0.727241599559784, 8.855026017535817, 24.940526204950668, 23.93478810787201, 25.367293909192085, 0.6500891817027125, 22.889458760619164]
282.8515641204639
mem size of fanout degree bucket by formula (GB):  {1: 1.1432076394557953, 2: 0.4548895061016083, 3: 0.674435555934906, 4: 0.49596378207206726, 5: 0.3137648105621338, 6: 0.6529483795166016, 7: 0.03758177161216736, 8: 0.5981462895870209, 9: 0.18119126558303833, 10: 0.0667194128036499, 11: 0.18105071783065796, 17: 0.8216840028762817, 18: 0.5668765604496002, 22: 0.6263529360294342, 29: 0.12403017282485962, 30: 0.7920227944850922}
7.7308655977249146

the modified memory estimation spend (sec) 0.008756399154663086
the time of number of fanout blocks generation (sec) 0.1404857635498047
the time dict collection (sec) 0.008355855941772461
the time estimate mem (sec) 0.0002243518829345703
