main start at this time 1713142424.2945917
-----------------------------------------before load data 
 Nvidia-smi: 0.3560791015625 GB
    Memory Allocated: 0.0  GigaBytes
Max Memory Allocated: 0.0  GigaBytes

#nodes: 2449029
#edges: 123718024
#classes: 47
success----------------------------------------
196571
39255
2164782
# Nodes: 2400608
# Edges: 123718024
# Train: 196571
# Val: 39255
# Test: 2164782
# Classes: 47

----------------------------------------start of run function 
 Nvidia-smi: 0.3560791015625 GB
    Memory Allocated: 0.0  GigaBytes
Max Memory Allocated: 0.0  GigaBytes

the output layer 
self.num_batch (get_in_degree_bucketing) 12
---||-----||-----||-----||-----||-----||-----||-----||-----||-----||-----||-----||-----||-----||-----||-----||-----||-----||-----||-----||--
self.num_batch,  12
random partition time  0.0043354034423828125
bkt_dst_nodes_list = self.get_in_degree_bucketing() spend:  0.00953054428100586
self.gen_batches_seeds_list(bkt_dst_nodes_list_local) spend  0.004440784454345703
num_output  196571
self.output_nids  196571
output nodes length match
global output equals  True
partition total batch output list spend :  2.198702096939087
self.buckets_partition() spend  sec:  0.013988256454467773
step  0
----------------------------------------before batch_pred = model(blocks, batch_inputs)
 Nvidia-smi: 0.95849609375 GB
    Memory Allocated: 0.4205055236816406  GigaBytes
Max Memory Allocated: 0.4205055236816406  GigaBytes

----------------------------------------after batch_pred = model(blocks, batch_inputs)
 Nvidia-smi: 21.68505859375 GB
    Memory Allocated: 20.63438844680786  GigaBytes
Max Memory Allocated: 21.01060962677002  GigaBytes

----------------------------------------after loss function
 Nvidia-smi: 21.68505859375 GB
    Memory Allocated: 20.63725757598877  GigaBytes
Max Memory Allocated: 21.01060962677002  GigaBytes

step  1
----------------------------------------before batch_pred = model(blocks, batch_inputs)
 Nvidia-smi: 21.69287109375 GB
    Memory Allocated: 0.450014591217041  GigaBytes
Max Memory Allocated: 21.01060962677002  GigaBytes

----------------------------------------after batch_pred = model(blocks, batch_inputs)
 Nvidia-smi: 22.78076171875 GB
    Memory Allocated: 20.609578609466553  GigaBytes
Max Memory Allocated: 21.01060962677002  GigaBytes

----------------------------------------after loss function
 Nvidia-smi: 22.78076171875 GB
    Memory Allocated: 20.612447261810303  GigaBytes
Max Memory Allocated: 21.01060962677002  GigaBytes

step  2
----------------------------------------before batch_pred = model(blocks, batch_inputs)
 Nvidia-smi: 22.78271484375 GB
    Memory Allocated: 0.45949697494506836  GigaBytes
Max Memory Allocated: 21.01060962677002  GigaBytes

----------------------------------------after batch_pred = model(blocks, batch_inputs)
 Nvidia-smi: 22.78466796875 GB
    Memory Allocated: 20.62169313430786  GigaBytes
Max Memory Allocated: 21.01060962677002  GigaBytes

----------------------------------------after loss function
 Nvidia-smi: 22.78466796875 GB
    Memory Allocated: 20.62456178665161  GigaBytes
Max Memory Allocated: 21.01060962677002  GigaBytes

step  3
----------------------------------------before batch_pred = model(blocks, batch_inputs)
 Nvidia-smi: 22.78466796875 GB
    Memory Allocated: 0.4714064598083496  GigaBytes
Max Memory Allocated: 21.01060962677002  GigaBytes

----------------------------------------after batch_pred = model(blocks, batch_inputs)
 Nvidia-smi: 22.78466796875 GB
    Memory Allocated: 20.62431001663208  GigaBytes
Max Memory Allocated: 21.01060962677002  GigaBytes

----------------------------------------after loss function
 Nvidia-smi: 22.78466796875 GB
    Memory Allocated: 20.627546787261963  GigaBytes
Max Memory Allocated: 21.01060962677002  GigaBytes

step  4
----------------------------------------before batch_pred = model(blocks, batch_inputs)
 Nvidia-smi: 22.78466796875 GB
    Memory Allocated: 0.48099327087402344  GigaBytes
Max Memory Allocated: 21.01060962677002  GigaBytes

----------------------------------------after batch_pred = model(blocks, batch_inputs)
 Nvidia-smi: 22.78662109375 GB
    Memory Allocated: 20.624290466308594  GigaBytes
Max Memory Allocated: 21.01060962677002  GigaBytes

----------------------------------------after loss function
 Nvidia-smi: 22.78662109375 GB
    Memory Allocated: 20.627260208129883  GigaBytes
Max Memory Allocated: 21.01060962677002  GigaBytes

step  5
----------------------------------------before batch_pred = model(blocks, batch_inputs)
 Nvidia-smi: 22.78662109375 GB
    Memory Allocated: 0.49217748641967773  GigaBytes
Max Memory Allocated: 21.01060962677002  GigaBytes

----------------------------------------after batch_pred = model(blocks, batch_inputs)
 Nvidia-smi: 22.78662109375 GB
    Memory Allocated: 20.638941287994385  GigaBytes
Max Memory Allocated: 21.01662826538086  GigaBytes

----------------------------------------after loss function
 Nvidia-smi: 22.78662109375 GB
    Memory Allocated: 20.641809940338135  GigaBytes
Max Memory Allocated: 21.01662826538086  GigaBytes

step  6
----------------------------------------before batch_pred = model(blocks, batch_inputs)
 Nvidia-smi: 22.78662109375 GB
    Memory Allocated: 0.5038070678710938  GigaBytes
Max Memory Allocated: 21.01662826538086  GigaBytes

----------------------------------------after batch_pred = model(blocks, batch_inputs)
 Nvidia-smi: 22.26318359375 GB
    Memory Allocated: 20.696475982666016  GigaBytes
Max Memory Allocated: 21.075116634368896  GigaBytes

----------------------------------------after loss function
 Nvidia-smi: 22.26318359375 GB
    Memory Allocated: 20.699344635009766  GigaBytes
Max Memory Allocated: 21.075116634368896  GigaBytes

step  7
----------------------------------------before batch_pred = model(blocks, batch_inputs)
 Nvidia-smi: 22.26318359375 GB
    Memory Allocated: 0.5150127410888672  GigaBytes
Max Memory Allocated: 21.075116634368896  GigaBytes

