main start at this time 1713139732.2135384
-----------------------------------------before load data 
 Nvidia-smi: 0.3560791015625 GB
    Memory Allocated: 0.0  GigaBytes
Max Memory Allocated: 0.0  GigaBytes

#nodes: 2449029
#edges: 123718024
#classes: 47
success----------------------------------------
196571
39255
2164782
# Nodes: 2400608
# Edges: 123718024
# Train: 196571
# Val: 39255
# Test: 2164782
# Classes: 47

----------------------------------------start of run function 
 Nvidia-smi: 0.3560791015625 GB
    Memory Allocated: 0.0  GigaBytes
Max Memory Allocated: 0.0  GigaBytes

the output layer 
self.num_batch (get_in_degree_bucketing) 32
---||-----||-----||-----||-----||-----||-----||-----||-----||-----||-----||-----||-----||-----||-----||-----||-----||-----||-----||-----||--
self.num_batch,  32
bkt_dst_nodes_list = self.get_in_degree_bucketing() spend:  0.009769916534423828
self.gen_batches_seeds_list(bkt_dst_nodes_list_local) spend  0.004839897155761719
num_output  183378
self.output_nids  196571
output nodes length not match !!!!
partition total batch output list spend :  6.739343881607056
self.buckets_partition() spend  sec:  0.014644861221313477
