main start at this time 1713160226.8459723
#nodes: 2449029
#edges: 123718024
#classes: 47
success----------------------------------------
196571
39255
2164782
# Nodes: 2400608
# Edges: 123718024
# Train: 196571
# Val: 39255
# Test: 2164782
# Classes: 47

in feats:  100
REG start----................................
Convert a graph into a bidirected graph: 3.285 seconds, peak memory: 23.778 GB
Construct multi-constraint weights: 0.000 seconds, peak memory: 23.778 GB
Metis partitioning: 11.576 seconds, peak memory: 25.092 GB
Split the graph: 4.835 seconds
Construct subgraphs: 0.049 seconds
REG metis partition end ----................................
REG construction  time spent:  69.17834782600403
pure dgl.metis_partition the time spent:  19.789454460144043

block_gen_time in "generate_blocks_for_one_layer_block"  6.293558597564697


block_gen_time in "generate_blocks_for_one_layer_block"  20.600465536117554

step  0
step  1
