main start at this time 1713160456.1219769
#nodes: 2449029
#edges: 123718024
#classes: 47
success----------------------------------------
196571
39255
2164782
# Nodes: 2400608
# Edges: 123718024
# Train: 196571
# Val: 39255
# Test: 2164782
# Classes: 47

in feats:  100
REG start----................................
Convert a graph into a bidirected graph: 3.257 seconds, peak memory: 23.826 GB
Construct multi-constraint weights: 0.000 seconds, peak memory: 23.826 GB
Metis partitioning: 11.893 seconds, peak memory: 25.081 GB
Split the graph: 4.331 seconds
Construct subgraphs: 0.049 seconds
REG metis partition end ----................................
REG construction  time spent:  70.52884101867676
pure dgl.metis_partition the time spent:  19.575262308120728

block_gen_time in "generate_blocks_for_one_layer_block"  6.415834188461304


block_gen_time in "generate_blocks_for_one_layer_block"  21.387216567993164

step  0
step  1
