main start at this time 1713159762.8724177
#nodes: 2449029
#edges: 123718024
#classes: 47
success----------------------------------------
196571
39255
2164782
# Nodes: 2400608
# Edges: 123718024
# Train: 196571
# Val: 39255
# Test: 2164782
# Classes: 47

in feats:  100
REG start----................................
Convert a graph into a bidirected graph: 3.275 seconds, peak memory: 23.788 GB
Construct multi-constraint weights: 0.000 seconds, peak memory: 23.788 GB
Metis partitioning: 11.473 seconds, peak memory: 25.089 GB
Split the graph: 5.513 seconds
Construct subgraphs: 0.020 seconds
REG metis partition end ----................................
REG construction  time spent:  69.94470286369324
pure dgl.metis_partition the time spent:  20.32510280609131

block_gen_time in "generate_blocks_for_one_layer_block"  6.963760137557983


block_gen_time in "generate_blocks_for_one_layer_block"  21.62990403175354

step  0
step  1
