main start at this time 1713159995.2620301
#nodes: 2449029
#edges: 123718024
#classes: 47
success----------------------------------------
196571
39255
2164782
# Nodes: 2400608
# Edges: 123718024
# Train: 196571
# Val: 39255
# Test: 2164782
# Classes: 47

in feats:  100
REG start----................................
Convert a graph into a bidirected graph: 3.308 seconds, peak memory: 23.828 GB
Construct multi-constraint weights: 0.000 seconds, peak memory: 23.828 GB
Metis partitioning: 11.487 seconds, peak memory: 25.083 GB
Split the graph: 4.537 seconds
Construct subgraphs: 0.052 seconds
REG metis partition end ----................................
REG construction  time spent:  70.08911871910095
pure dgl.metis_partition the time spent:  19.42933440208435

block_gen_time in "generate_blocks_for_one_layer_block"  6.390373229980469


block_gen_time in "generate_blocks_for_one_layer_block"  20.711236238479614

step  0
step  1
