main start at this time 1713167352.1099868
#nodes: 2449029
#edges: 123718024
#classes: 47
success----------------------------------------
196571
39255
2164782
# Nodes: 2400608
# Edges: 123718024
# Train: 196571
# Val: 39255
# Test: 2164782
# Classes: 47

in feats:  100
REG start----................................
Convert a graph into a bidirected graph: 3.252 seconds, peak memory: 23.826 GB
Construct multi-constraint weights: 0.000 seconds, peak memory: 23.826 GB
Metis partitioning: 11.509 seconds, peak memory: 25.081 GB
Split the graph: 4.870 seconds
Construct subgraphs: 0.020 seconds
REG metis partition end ----................................
REG construction  time spent:  67.13013458251953
pure dgl.metis_partition the time spent:  19.697561025619507

block_gen_time in "generate_blocks_for_one_layer_block"  6.277289390563965


block_gen_time in "generate_blocks_for_one_layer_block"  19.967365741729736

step  0
step  1
step  2
step  3
step  4
step  5
step  6
step  7
step  8
num_input  4206501
pure train  4.945209503173828
REG start----................................
Convert a graph into a bidirected graph: 3.316 seconds, peak memory: 45.977 GB
Construct multi-constraint weights: 0.000 seconds, peak memory: 45.977 GB
Metis partitioning: 11.565 seconds, peak memory: 46.792 GB
Split the graph: 5.133 seconds
Construct subgraphs: 0.022 seconds
REG metis partition end ----................................
REG construction  time spent:  67.07693648338318
pure dgl.metis_partition the time spent:  20.080279111862183

block_gen_time in "generate_blocks_for_one_layer_block"  7.107489824295044


block_gen_time in "generate_blocks_for_one_layer_block"  20.899791955947876

step  0
step  1
step  2
step  3
step  4
step  5
step  6
step  7
step  8
num_input  4236893
pure train  2.3137075901031494
REG start----................................
Convert a graph into a bidirected graph: 3.298 seconds, peak memory: 48.076 GB
Construct multi-constraint weights: 0.000 seconds, peak memory: 48.076 GB
Metis partitioning: 11.369 seconds, peak memory: 49.351 GB
Split the graph: 5.207 seconds
Construct subgraphs: 0.423 seconds
REG metis partition end ----................................
REG construction  time spent:  66.5825982093811
pure dgl.metis_partition the time spent:  20.341532945632935

block_gen_time in "generate_blocks_for_one_layer_block"  6.554450750350952


block_gen_time in "generate_blocks_for_one_layer_block"  19.310500144958496

step  0
step  1
step  2
step  3
step  4
step  5
step  6
step  7
step  8
num_input  4114648
pure train  2.1065871715545654
REG start----................................
Convert a graph into a bidirected graph: 3.511 seconds, peak memory: 50.186 GB
Construct multi-constraint weights: 0.000 seconds, peak memory: 50.186 GB
Metis partitioning: 11.407 seconds, peak memory: 50.186 GB
Split the graph: 4.663 seconds
Construct subgraphs: 1.091 seconds
REG metis partition end ----................................
REG construction  time spent:  68.68997359275818
pure dgl.metis_partition the time spent:  20.715834856033325

block_gen_time in "generate_blocks_for_one_layer_block"  7.1336140632629395


block_gen_time in "generate_blocks_for_one_layer_block"  20.333563804626465

step  0
step  1
step  2
step  3
step  4
step  5
step  6
step  7
step  8
num_input  4116278
pure train  2.0913805961608887
REG start----................................
Convert a graph into a bidirected graph: 3.277 seconds, peak memory: 50.186 GB
Construct multi-constraint weights: 0.000 seconds, peak memory: 50.186 GB
Metis partitioning: 11.266 seconds, peak memory: 50.186 GB
Split the graph: 5.298 seconds
Construct subgraphs: 0.563 seconds
REG metis partition end ----................................
REG construction  time spent:  66.5717887878418
pure dgl.metis_partition the time spent:  20.447543144226074

block_gen_time in "generate_blocks_for_one_layer_block"  7.244610786437988


block_gen_time in "generate_blocks_for_one_layer_block"  20.74186682701111

step  0
step  1
step  2
step  3
step  4
step  5
step  6
step  7
step  8
num_input  4205067
pure train  2.207491636276245
REG start----................................
Convert a graph into a bidirected graph: 3.292 seconds, peak memory: 50.361 GB
Construct multi-constraint weights: 0.000 seconds, peak memory: 50.361 GB
Metis partitioning: 11.360 seconds, peak memory: 50.361 GB
Split the graph: 5.045 seconds
Construct subgraphs: 0.550 seconds
REG metis partition end ----................................
REG construction  time spent:  70.15030360221863
pure dgl.metis_partition the time spent:  20.29250478744507

block_gen_time in "generate_blocks_for_one_layer_block"  6.684478759765625


block_gen_time in "generate_blocks_for_one_layer_block"  20.15099263191223

step  0
step  1
step  2
step  3
step  4
step  5
step  6
step  7
step  8
num_input  4106362
pure train  2.0836470127105713
REG start----................................
Convert a graph into a bidirected graph: 3.340 seconds, peak memory: 50.559 GB
Construct multi-constraint weights: 0.000 seconds, peak memory: 50.559 GB
Metis partitioning: 11.388 seconds, peak memory: 50.559 GB
Split the graph: 4.944 seconds
Construct subgraphs: 0.588 seconds
REG metis partition end ----................................
REG construction  time spent:  66.7636170387268
pure dgl.metis_partition the time spent:  20.304279088974

block_gen_time in "generate_blocks_for_one_layer_block"  7.549318552017212


block_gen_time in "generate_blocks_for_one_layer_block"  21.187458992004395

step  0
step  1
step  2
step  3
step  4
step  5
step  6
step  7
step  8
num_input  4238964
pure train  2.108659267425537
REG start----................................
Convert a graph into a bidirected graph: 3.291 seconds, peak memory: 50.559 GB
Construct multi-constraint weights: 0.000 seconds, peak memory: 50.559 GB
Metis partitioning: 11.643 seconds, peak memory: 50.559 GB
Split the graph: 5.080 seconds
Construct subgraphs: 0.450 seconds
REG metis partition end ----................................
REG construction  time spent:  69.09212374687195
pure dgl.metis_partition the time spent:  20.508695363998413

block_gen_time in "generate_blocks_for_one_layer_block"  6.598153352737427


block_gen_time in "generate_blocks_for_one_layer_block"  20.40266704559326

step  0
step  1
step  2
step  3
step  4
step  5
step  6
step  7
step  8
num_input  4207022
pure train  2.124957799911499
REG start----................................
Convert a graph into a bidirected graph: 3.264 seconds, peak memory: 53.852 GB
Construct multi-constraint weights: 0.000 seconds, peak memory: 53.852 GB
Metis partitioning: 11.239 seconds, peak memory: 55.125 GB
Split the graph: 6.333 seconds
Construct subgraphs: 0.447 seconds
REG metis partition end ----................................
REG construction  time spent:  66.29122281074524
pure dgl.metis_partition the time spent:  21.32698655128479

block_gen_time in "generate_blocks_for_one_layer_block"  6.6335225105285645


block_gen_time in "generate_blocks_for_one_layer_block"  19.740217685699463

step  0
step  1
step  2
step  3
step  4
step  5
step  6
step  7
step  8
num_input  4190761
pure train  2.088454008102417
REG start----................................
Convert a graph into a bidirected graph: 2.769 seconds, peak memory: 55.988 GB
Construct multi-constraint weights: 0.000 seconds, peak memory: 55.988 GB
Metis partitioning: 11.412 seconds, peak memory: 55.988 GB
Split the graph: 4.766 seconds
Construct subgraphs: 0.451 seconds
REG metis partition end ----................................
REG construction  time spent:  69.00560116767883
pure dgl.metis_partition the time spent:  19.44252872467041

block_gen_time in "generate_blocks_for_one_layer_block"  5.986532688140869


block_gen_time in "generate_blocks_for_one_layer_block"  19.970589637756348

step  0
step  1
step  2
step  3
step  4
step  5
step  6
step  7
step  8
num_input  4118282
pure train  2.0922329425811768
REG start----................................
Convert a graph into a bidirected graph: 3.356 seconds, peak memory: 56.030 GB
Construct multi-constraint weights: 0.000 seconds, peak memory: 56.030 GB
