main start at this time 1713075746.6068017
  NumNodes: 2708
  NumEdges: 10556
  NumFeats: 1433
  NumClasses: 7
  NumTrainingSamples: 140
  NumValidationSamples: 500
  NumTestSamples: 1000
Done loading data from cached files.
success----------------------------------------
140
500
2068
# Nodes: 2708
# Edges: 10556
# Train: 140
# Val: 500
# Test: 2068
# Classes: 7

in feats:  1433
REG start----................................
Convert a graph into a bidirected graph: 0.000 seconds, peak memory: 13.818 GB
Construct multi-constraint weights: 0.000 seconds, peak memory: 13.818 GB
Metis partitioning: 0.000 seconds, peak memory: 13.818 GB
Split the graph: 0.001 seconds
Construct subgraphs: 0.001 seconds
REG metis partition end ----................................
REG construction  time spent:  0.01783895492553711
pure dgl.metis_partition the time spent:  0.0036592483520507812

block_gen_time in "generate_blocks_for_one_layer_block"  0.0052642822265625


block_gen_time in "generate_blocks_for_one_layer_block"  0.009071826934814453


block_gen_time in "generate_blocks_for_one_layer_block"  0.015833616256713867

step  0
step  1
----------------------------------------after optimizer
 Nvidia-smi: 2.93505859375 GB
    Memory Allocated: 1.121264934539795  GigaBytes
Max Memory Allocated: 1.8511500358581543  GigaBytes

REG start----................................
Convert a graph into a bidirected graph: 0.000 seconds, peak memory: 16.438 GB
Construct multi-constraint weights: 0.000 seconds, peak memory: 16.438 GB
Metis partitioning: 0.000 seconds, peak memory: 16.438 GB
Split the graph: 0.001 seconds
Construct subgraphs: 0.001 seconds
REG metis partition end ----................................
REG construction  time spent:  0.01174473762512207
pure dgl.metis_partition the time spent:  0.003269672393798828

block_gen_time in "generate_blocks_for_one_layer_block"  0.0048542022705078125


block_gen_time in "generate_blocks_for_one_layer_block"  0.009624004364013672


block_gen_time in "generate_blocks_for_one_layer_block"  0.016091585159301758

step  0
step  1
----------------------------------------after optimizer
 Nvidia-smi: 2.99755859375 GB
    Memory Allocated: 1.1215519905090332  GigaBytes
Max Memory Allocated: 2.28092098236084  GigaBytes

REG start----................................
Convert a graph into a bidirected graph: 0.000 seconds, peak memory: 16.539 GB
Construct multi-constraint weights: 0.000 seconds, peak memory: 16.539 GB
Metis partitioning: 0.000 seconds, peak memory: 16.539 GB
Split the graph: 0.001 seconds
Construct subgraphs: 0.001 seconds
REG metis partition end ----................................
REG construction  time spent:  0.014188766479492188
pure dgl.metis_partition the time spent:  0.0029828548431396484

block_gen_time in "generate_blocks_for_one_layer_block"  0.004939556121826172


block_gen_time in "generate_blocks_for_one_layer_block"  0.009507417678833008


block_gen_time in "generate_blocks_for_one_layer_block"  0.015992164611816406

step  0
step  1
----------------------------------------after optimizer
 Nvidia-smi: 3.00146484375 GB
    Memory Allocated: 1.1215453147888184  GigaBytes
Max Memory Allocated: 2.28092098236084  GigaBytes

REG start----................................
Convert a graph into a bidirected graph: 0.000 seconds, peak memory: 16.539 GB
Construct multi-constraint weights: 0.000 seconds, peak memory: 16.539 GB
Metis partitioning: 0.000 seconds, peak memory: 16.539 GB
Split the graph: 0.001 seconds
Construct subgraphs: 0.001 seconds
REG metis partition end ----................................
REG construction  time spent:  0.013769388198852539
pure dgl.metis_partition the time spent:  0.00296783447265625

block_gen_time in "generate_blocks_for_one_layer_block"  0.0048487186431884766


block_gen_time in "generate_blocks_for_one_layer_block"  0.00929403305053711


block_gen_time in "generate_blocks_for_one_layer_block"  0.015905141830444336

step  0
step  1
----------------------------------------after optimizer
 Nvidia-smi: 3.00146484375 GB
    Memory Allocated: 1.1221246719360352  GigaBytes
Max Memory Allocated: 2.3630685806274414  GigaBytes

REG start----................................
Convert a graph into a bidirected graph: 0.000 seconds, peak memory: 16.539 GB
Construct multi-constraint weights: 0.000 seconds, peak memory: 16.539 GB
Metis partitioning: 0.000 seconds, peak memory: 16.539 GB
Split the graph: 0.001 seconds
Construct subgraphs: 0.001 seconds
REG metis partition end ----................................
REG construction  time spent:  0.01357722282409668
pure dgl.metis_partition the time spent:  0.0032842159271240234

block_gen_time in "generate_blocks_for_one_layer_block"  0.005156517028808594


block_gen_time in "generate_blocks_for_one_layer_block"  0.009371757507324219


block_gen_time in "generate_blocks_for_one_layer_block"  0.016017913818359375

step  0
step  1
----------------------------------------after optimizer
 Nvidia-smi: 3.00146484375 GB
    Memory Allocated: 1.1215553283691406  GigaBytes
Max Memory Allocated: 2.3630685806274414  GigaBytes

REG start----................................
Convert a graph into a bidirected graph: 0.000 seconds, peak memory: 16.539 GB
Construct multi-constraint weights: 0.000 seconds, peak memory: 16.539 GB
Metis partitioning: 0.000 seconds, peak memory: 16.539 GB
Split the graph: 0.001 seconds
Construct subgraphs: 0.001 seconds
REG metis partition end ----................................
REG construction  time spent:  0.014527082443237305
pure dgl.metis_partition the time spent:  0.003311634063720703

block_gen_time in "generate_blocks_for_one_layer_block"  0.00501704216003418


block_gen_time in "generate_blocks_for_one_layer_block"  0.009316682815551758


block_gen_time in "generate_blocks_for_one_layer_block"  0.016157865524291992

step  0
step  1
----------------------------------------after optimizer
 Nvidia-smi: 3.00146484375 GB
    Memory Allocated: 1.1215519905090332  GigaBytes
Max Memory Allocated: 2.3630685806274414  GigaBytes

REG start----................................
Convert a graph into a bidirected graph: 0.000 seconds, peak memory: 16.539 GB
Construct multi-constraint weights: 0.000 seconds, peak memory: 16.539 GB
Metis partitioning: 0.000 seconds, peak memory: 16.539 GB
Split the graph: 0.001 seconds
Construct subgraphs: 0.001 seconds
REG metis partition end ----................................
REG construction  time spent:  0.013090133666992188
pure dgl.metis_partition the time spent:  0.0030379295349121094

block_gen_time in "generate_blocks_for_one_layer_block"  0.004880666732788086


block_gen_time in "generate_blocks_for_one_layer_block"  0.009527921676635742


block_gen_time in "generate_blocks_for_one_layer_block"  0.016025066375732422

step  0
step  1
----------------------------------------after optimizer
 Nvidia-smi: 3.06396484375 GB
    Memory Allocated: 1.1227521896362305  GigaBytes
Max Memory Allocated: 2.416954517364502  GigaBytes

REG start----................................
Convert a graph into a bidirected graph: 0.000 seconds, peak memory: 16.611 GB
Construct multi-constraint weights: 0.000 seconds, peak memory: 16.611 GB
Metis partitioning: 0.000 seconds, peak memory: 16.611 GB
Split the graph: 0.001 seconds
Construct subgraphs: 0.001 seconds
REG metis partition end ----................................
REG construction  time spent:  0.012928962707519531
pure dgl.metis_partition the time spent:  0.003474712371826172

block_gen_time in "generate_blocks_for_one_layer_block"  0.005248069763183594


block_gen_time in "generate_blocks_for_one_layer_block"  0.009474039077758789


block_gen_time in "generate_blocks_for_one_layer_block"  0.015815258026123047

step  0
step  1
----------------------------------------after optimizer
 Nvidia-smi: 3.06396484375 GB
    Memory Allocated: 1.121553897857666  GigaBytes
Max Memory Allocated: 2.416954517364502  GigaBytes

REG start----................................
Convert a graph into a bidirected graph: 0.000 seconds, peak memory: 16.611 GB
Construct multi-constraint weights: 0.000 seconds, peak memory: 16.611 GB
Metis partitioning: 0.000 seconds, peak memory: 16.611 GB
Split the graph: 0.001 seconds
Construct subgraphs: 0.001 seconds
REG metis partition end ----................................
REG construction  time spent:  0.014453411102294922
pure dgl.metis_partition the time spent:  0.003529071807861328

block_gen_time in "generate_blocks_for_one_layer_block"  0.005159139633178711


block_gen_time in "generate_blocks_for_one_layer_block"  0.009310245513916016


block_gen_time in "generate_blocks_for_one_layer_block"  0.015825748443603516

step  0
step  1
----------------------------------------after optimizer
 Nvidia-smi: 3.06396484375 GB
    Memory Allocated: 1.1211352348327637  GigaBytes
Max Memory Allocated: 2.416954517364502  GigaBytes

REG start----................................
Convert a graph into a bidirected graph: 0.000 seconds, peak memory: 16.611 GB
Construct multi-constraint weights: 0.000 seconds, peak memory: 16.611 GB
Metis partitioning: 0.000 seconds, peak memory: 16.611 GB
Split the graph: 0.001 seconds
Construct subgraphs: 0.001 seconds
REG metis partition end ----................................
REG construction  time spent:  0.01358485221862793
pure dgl.metis_partition the time spent:  0.003448963165283203

block_gen_time in "generate_blocks_for_one_layer_block"  0.004843711853027344


block_gen_time in "generate_blocks_for_one_layer_block"  0.009488105773925781


block_gen_time in "generate_blocks_for_one_layer_block"  0.01590418815612793

step  0
step  1
----------------------------------------after optimizer
 Nvidia-smi: 3.06396484375 GB
    Memory Allocated: 1.1215534210205078  GigaBytes
Max Memory Allocated: 2.416954517364502  GigaBytes

REG start----................................
Convert a graph into a bidirected graph: 0.000 seconds, peak memory: 16.611 GB
Construct multi-constraint weights: 0.000 seconds, peak memory: 16.611 GB
Metis partitioning: 0.000 seconds, peak memory: 16.611 GB
Split the graph: 0.001 seconds
Construct subgraphs: 0.001 seconds
REG metis partition end ----................................
REG construction  time spent:  0.01357722282409668
pure dgl.metis_partition the time spent:  0.0034248828887939453

block_gen_time in "generate_blocks_for_one_layer_block"  0.004958391189575195


block_gen_time in "generate_blocks_for_one_layer_block"  0.00943899154663086


block_gen_time in "generate_blocks_for_one_layer_block"  0.015936851501464844

step  0
step  1
----------------------------------------after optimizer
 Nvidia-smi: 3.06396484375 GB
    Memory Allocated: 1.120969295501709  GigaBytes
Max Memory Allocated: 2.416954517364502  GigaBytes

REG start----................................
Convert a graph into a bidirected graph: 0.000 seconds, peak memory: 16.611 GB
Construct multi-constraint weights: 0.000 seconds, peak memory: 16.611 GB
Metis partitioning: 0.000 seconds, peak memory: 16.611 GB
Split the graph: 0.001 seconds
Construct subgraphs: 0.002 seconds
REG metis partition end ----................................
REG construction  time spent:  0.013335466384887695
pure dgl.metis_partition the time spent:  0.004540920257568359

block_gen_time in "generate_blocks_for_one_layer_block"  0.004781484603881836


block_gen_time in "generate_blocks_for_one_layer_block"  0.009609222412109375


block_gen_time in "generate_blocks_for_one_layer_block"  0.01588606834411621

step  0
step  1
----------------------------------------after optimizer
 Nvidia-smi: 3.06396484375 GB
    Memory Allocated: 1.121553897857666  GigaBytes
Max Memory Allocated: 2.416954517364502  GigaBytes

REG start----................................
Convert a graph into a bidirected graph: 0.000 seconds, peak memory: 16.611 GB
Construct multi-constraint weights: 0.000 seconds, peak memory: 16.611 GB
Metis partitioning: 0.000 seconds, peak memory: 16.611 GB
Split the graph: 0.001 seconds
Construct subgraphs: 0.001 seconds
REG metis partition end ----................................
REG construction  time spent:  0.013602972030639648
pure dgl.metis_partition the time spent:  0.003834962844848633

block_gen_time in "generate_blocks_for_one_layer_block"  0.005145072937011719


block_gen_time in "generate_blocks_for_one_layer_block"  0.009852409362792969


block_gen_time in "generate_blocks_for_one_layer_block"  0.015126466751098633

step  0
step  1
----------------------------------------after optimizer
 Nvidia-smi: 3.06396484375 GB
    Memory Allocated: 1.119941234588623  GigaBytes
Max Memory Allocated: 2.416954517364502  GigaBytes

REG start----................................
Convert a graph into a bidirected graph: 0.000 seconds, peak memory: 16.611 GB
Construct multi-constraint weights: 0.000 seconds, peak memory: 16.611 GB
Metis partitioning: 0.000 seconds, peak memory: 16.611 GB
Split the graph: 0.001 seconds
Construct subgraphs: 0.001 seconds
REG metis partition end ----................................
REG construction  time spent:  0.012336254119873047
pure dgl.metis_partition the time spent:  0.003009319305419922

block_gen_time in "generate_blocks_for_one_layer_block"  0.0049512386322021484


block_gen_time in "generate_blocks_for_one_layer_block"  0.010153532028198242


block_gen_time in "generate_blocks_for_one_layer_block"  0.016150951385498047

step  0
step  1
----------------------------------------after optimizer
 Nvidia-smi: 3.07568359375 GB
    Memory Allocated: 1.1211371421813965  GigaBytes
Max Memory Allocated: 2.416954517364502  GigaBytes

REG start----................................
Convert a graph into a bidirected graph: 0.000 seconds, peak memory: 16.643 GB
Construct multi-constraint weights: 0.000 seconds, peak memory: 16.643 GB
Metis partitioning: 0.000 seconds, peak memory: 16.643 GB
Split the graph: 0.001 seconds
Construct subgraphs: 0.001 seconds
REG metis partition end ----................................
REG construction  time spent:  0.013036489486694336
pure dgl.metis_partition the time spent:  0.003103017807006836

block_gen_time in "generate_blocks_for_one_layer_block"  0.005042552947998047


block_gen_time in "generate_blocks_for_one_layer_block"  0.009362220764160156


block_gen_time in "generate_blocks_for_one_layer_block"  0.015822172164916992

step  0
step  1
----------------------------------------after optimizer
 Nvidia-smi: 3.07568359375 GB
    Memory Allocated: 1.121025562286377  GigaBytes
Max Memory Allocated: 2.416954517364502  GigaBytes

REG start----................................
Convert a graph into a bidirected graph: 0.000 seconds, peak memory: 16.643 GB
Construct multi-constraint weights: 0.000 seconds, peak memory: 16.643 GB
Metis partitioning: 0.000 seconds, peak memory: 16.643 GB
Split the graph: 0.001 seconds
Construct subgraphs: 0.001 seconds
REG metis partition end ----................................
REG construction  time spent:  0.013859748840332031
pure dgl.metis_partition the time spent:  0.003590822219848633

block_gen_time in "generate_blocks_for_one_layer_block"  0.004896640777587891


block_gen_time in "generate_blocks_for_one_layer_block"  0.01003265380859375


block_gen_time in "generate_blocks_for_one_layer_block"  0.016091585159301758

step  0
step  1
----------------------------------------after optimizer
 Nvidia-smi: 3.07568359375 GB
    Memory Allocated: 1.1204094886779785  GigaBytes
Max Memory Allocated: 2.416954517364502  GigaBytes

REG start----................................
Convert a graph into a bidirected graph: 0.000 seconds, peak memory: 16.643 GB
Construct multi-constraint weights: 0.000 seconds, peak memory: 16.643 GB
Metis partitioning: 0.000 seconds, peak memory: 16.643 GB
Split the graph: 0.001 seconds
Construct subgraphs: 0.001 seconds
REG metis partition end ----................................
REG construction  time spent:  0.012927770614624023
pure dgl.metis_partition the time spent:  0.0029578208923339844

block_gen_time in "generate_blocks_for_one_layer_block"  0.004877328872680664


block_gen_time in "generate_blocks_for_one_layer_block"  0.009523868560791016


block_gen_time in "generate_blocks_for_one_layer_block"  0.01567673683166504

step  0
step  1
----------------------------------------after optimizer
 Nvidia-smi: 3.07568359375 GB
    Memory Allocated: 1.121553897857666  GigaBytes
Max Memory Allocated: 2.416954517364502  GigaBytes

REG start----................................
Convert a graph into a bidirected graph: 0.000 seconds, peak memory: 16.643 GB
Construct multi-constraint weights: 0.000 seconds, peak memory: 16.643 GB
Metis partitioning: 0.000 seconds, peak memory: 16.643 GB
Split the graph: 0.001 seconds
Construct subgraphs: 0.001 seconds
REG metis partition end ----................................
REG construction  time spent:  0.014045953750610352
pure dgl.metis_partition the time spent:  0.0030863285064697266

block_gen_time in "generate_blocks_for_one_layer_block"  0.004949808120727539


block_gen_time in "generate_blocks_for_one_layer_block"  0.009783744812011719


block_gen_time in "generate_blocks_for_one_layer_block"  0.01607990264892578

step  0
step  1
----------------------------------------after optimizer
 Nvidia-smi: 3.07568359375 GB
    Memory Allocated: 1.1215519905090332  GigaBytes
Max Memory Allocated: 2.416954517364502  GigaBytes

REG start----................................
Convert a graph into a bidirected graph: 0.000 seconds, peak memory: 16.643 GB
Construct multi-constraint weights: 0.000 seconds, peak memory: 16.643 GB
Metis partitioning: 0.000 seconds, peak memory: 16.643 GB
Split the graph: 0.001 seconds
Construct subgraphs: 0.001 seconds
REG metis partition end ----................................
REG construction  time spent:  0.012357234954833984
pure dgl.metis_partition the time spent:  0.003034830093383789

block_gen_time in "generate_blocks_for_one_layer_block"  0.004814624786376953


block_gen_time in "generate_blocks_for_one_layer_block"  0.00941157341003418


block_gen_time in "generate_blocks_for_one_layer_block"  0.015545368194580078

step  0
step  1
----------------------------------------after optimizer
 Nvidia-smi: 3.07568359375 GB
    Memory Allocated: 1.1215572357177734  GigaBytes
Max Memory Allocated: 2.416954517364502  GigaBytes

REG start----................................
Convert a graph into a bidirected graph: 0.000 seconds, peak memory: 16.643 GB
Construct multi-constraint weights: 0.000 seconds, peak memory: 16.643 GB
Metis partitioning: 0.000 seconds, peak memory: 16.643 GB
Split the graph: 0.001 seconds
Construct subgraphs: 0.001 seconds
REG metis partition end ----................................
REG construction  time spent:  0.01444864273071289
pure dgl.metis_partition the time spent:  0.003464937210083008

block_gen_time in "generate_blocks_for_one_layer_block"  0.004920005798339844


block_gen_time in "generate_blocks_for_one_layer_block"  0.009467363357543945


block_gen_time in "generate_blocks_for_one_layer_block"  0.016315221786499023

step  0
step  1
----------------------------------------after optimizer
 Nvidia-smi: 3.07568359375 GB
    Memory Allocated: 1.1215476989746094  GigaBytes
Max Memory Allocated: 2.416954517364502  GigaBytes

epoch_time_list  [2.4692420959472656, 1.2211148738861084, 1.1590678691864014, 1.1794085502624512, 1.2374067306518555, 1.237337350845337, 1.1694540977478027, 1.2128381729125977, 1.218045949935913, 1.1824500560760498, 1.1641557216644287, 1.2112760543823242, 1.237238883972168, 1.139862060546875, 1.1603925228118896, 1.1567959785461426, 1.216165542602539, 1.2443082332611084, 1.3732986450195312, 1.1833233833312988]

loading_time list   [0.0048885345458984375, 0.005314350128173828, 0.010417461395263672, 0.010370731353759766, 0.009940147399902344, 0.011464357376098633, 0.00981283187866211, 0.008846282958984375, 0.010650396347045898, 0.010164976119995117, 0.009666204452514648, 0.009160995483398438, 0.010228872299194336, 0.008599042892456055, 0.009917259216308594, 0.010426044464111328, 0.008996725082397461, 0.010039091110229492, 0.009259700775146484, 0.011006832122802734]

 data loader gen time  0.06886601448059082
	---connection_check_time_list  [0.011533260345458984, 0.01151132583618164, 0.01156473159790039, 0.011641740798950195, 0.01156306266784668, 0.011667251586914062, 0.011714458465576172, 0.011734485626220703, 0.011588335037231445, 0.011565208435058594, 0.011458158493041992, 0.011615991592407227, 0.011317253112792969, 0.011939287185668945, 0.011928319931030273, 0.011658906936645508, 0.01176595687866211, 0.011777877807617188, 0.01151275634765625, 0.011818170547485352]
	---block_gen_time_list  [0.03016972541809082, 0.030569791793823242, 0.030439138412475586, 0.030047893524169922, 0.030546188354492188, 0.03049159049987793, 0.03043365478515625, 0.03053736686706543, 0.030295133590698242, 0.030236005783081055, 0.0303342342376709, 0.030276775360107422, 0.03012394905090332, 0.03125572204589844, 0.030226945877075195, 0.0310208797454834, 0.03007793426513672, 0.03081345558166504, 0.02977156639099121, 0.030702590942382812]
training time  [2.39339542388916, 1.150132656097412, 1.0788686275482178, 1.09977126121521, 1.1584584712982178, 1.1552739143371582, 1.090611457824707, 1.1347832679748535, 1.1371617317199707, 1.1027331352233887, 1.0849189758300781, 1.1303963661193848, 1.1575803756713867, 1.0613975524902344, 1.081437587738037, 1.0754876136779785, 1.1383554935455322, 1.164128303527832, 1.2965424060821533, 1.1004612445831299]
---feature block loading time  [0.09995007514953613, 0.09373021125793457, 0.10681533813476562, 0.10413217544555664, 0.10798120498657227, 0.10741806030273438, 0.10247087478637695, 0.11171078681945801, 0.10825920104980469, 0.10285377502441406, 0.1079099178314209, 0.10365915298461914, 0.1097567081451416, 0.10581517219543457, 0.10619926452636719, 0.10739898681640625, 0.10627245903015137, 0.10834598541259766, 0.10725212097167969, 0.1086435317993164]


epoch_time avg   1.2090218365192413
loading_time avg   0.009886234998703003
 data loader gen time avg 0.06739313900470734
	---connection_check_time avg  0.011664092540740967
	---block_gen_time avg  0.030446499586105347
training time  1.1293579936027527
---feature block loading time  0.10699670016765594

	pure train time avg  1.0220744162797928
