main start at this time 1713069490.536263
-----------------------------------------before load data 
 Nvidia-smi: 0.3560791015625 GB
    Memory Allocated: 0.0  GigaBytes
Max Memory Allocated: 0.0  GigaBytes

  NumNodes: 2708
  NumEdges: 10556
  NumFeats: 1433
  NumClasses: 7
  NumTrainingSamples: 140
  NumValidationSamples: 500
  NumTestSamples: 1000
Done loading data from cached files.
success----------------------------------------
140
500
2068
# Nodes: 2708
# Edges: 10556
# Train: 140
# Val: 500
# Test: 2068
# Classes: 7

----------------------------------------start of run function 
 Nvidia-smi: 0.3560791015625 GB
    Memory Allocated: 0.0  GigaBytes
Max Memory Allocated: 0.0  GigaBytes

in feats:  1433
self.num_batch (get_in_degree_bucketing) 15
---||-----||-----||-----||-----||-----||-----||-----||-----||-----||-----||-----||-----||-----||-----||-----||-----||-----||-----||-----||--
self.num_batch,  15
15
15
[0.14285714285714285, 0.17857142857142858, 0.18571428571428572, 0.15714285714285714, 0.10714285714285714, 0.07857142857142857, 0.02857142857142857, 0.02142857142857143, 0.02857142857142857, 0.02142857142857143, 0.007142857142857143, 0.014285714285714285, 0.007142857142857143, 0.007142857142857143, 0.014285714285714285]
bkt_dst_nodes_list = self.get_in_degree_bucketing() spend:  0.0009663105010986328
self.gen_batches_seeds_list(bkt_dst_nodes_list_local) spend  6.175041198730469e-05
num_output  140
self.output_nids  140
output nodes length match
global output equals  True
partition total batch output list spend :  0.003929615020751953
self.buckets_partition() spend  sec:  0.0010349750518798828
check connections block*********************************

the find indices time spent  7.295608520507812e-05

in edges time spent  0.015778064727783203
local to global src and eids time spent  0.0019016265869140625
time gen tails  0.00022220611572265625
res  length 15

block_gen_time in "generate_blocks_for_one_layer_block"  0.03131413459777832

----------------------------------------
check connections block*********************************

the find indices time spent  0.00018405914306640625

in edges time spent  0.006521463394165039
local to global src and eids time spent  0.0025725364685058594
time gen tails  0.00033211708068847656
res  length 15

block_gen_time in "generate_blocks_for_one_layer_block"  0.025932788848876953

----------------------------------------
check connections block*********************************

the find indices time spent  0.00037980079650878906

in edges time spent  0.008325576782226562
local to global src and eids time spent  0.00642085075378418
time gen tails  0.0009121894836425781
res  length 15

block_gen_time in "generate_blocks_for_one_layer_block"  0.037929534912109375

block collection to dataloader spend  9.298324584960938e-06
redundancy ratio #input/#seeds/degree
18.7
16.06
10.461538461538462
11.602272727272727
12.426666666666666
11.515151515151516
18.071428571428573
12.25
15.166666666666666
12.8
15.363636363636363
14.5
11.157894736842104
10.952380952380953
10.566666666666666
layer  0
{1: 38, 2: 15, 3: 20, 4: 16, 5: 12, 6: 5, 7: 4, 8: 2, 9: 2, 10: 16}
layer  1
{1: 25, 2: 3, 3: 3, 4: 3, 5: 1, 6: 1, 7: 1, 17: 1, 23: 1, 25: 1}
layer  2
{1: 20}

layer  0
{1: 20, 2: 80, 3: 46, 4: 53, 5: 38, 6: 28, 7: 9, 8: 6, 9: 6, 10: 30}
layer  1
{1: 3, 2: 36, 3: 4, 4: 9, 5: 4, 6: 5, 7: 2, 8: 1, 10: 1, 11: 1, 12: 1, 16: 1, 17: 1, 19: 1, 25: 4}
layer  2
{2: 25}

layer  0
{1: 19, 2: 59, 3: 75, 4: 60, 5: 49, 6: 23, 7: 17, 8: 10, 9: 3, 10: 34}
layer  1
{1: 8, 2: 12, 3: 38, 4: 10, 5: 8, 6: 3, 7: 4, 8: 3, 9: 1, 11: 1, 12: 2, 17: 1, 18: 1, 25: 4}
layer  2
{3: 26}

layer  0
{1: 16, 2: 64, 3: 79, 4: 96, 5: 69, 6: 36, 7: 16, 8: 13, 9: 11, 10: 45}
layer  1
{1: 2, 2: 8, 3: 16, 4: 30, 5: 9, 6: 15, 7: 6, 8: 3, 9: 1, 10: 3, 12: 2, 14: 1, 15: 1, 16: 1, 18: 1, 23: 1, 25: 6}
layer  2
{4: 22}

layer  0
{1: 12, 2: 48, 3: 63, 4: 63, 5: 76, 6: 30, 7: 22, 8: 18, 9: 7, 10: 44}
layer  1
{1: 4, 2: 6, 3: 7, 4: 12, 5: 24, 6: 8, 7: 10, 8: 6, 10: 3, 11: 1, 16: 1, 17: 1, 18: 1, 19: 1, 25: 5}
layer  2
{5: 15}

layer  0
{1: 9, 2: 46, 3: 53, 4: 68, 5: 59, 6: 29, 7: 13, 8: 10, 9: 7, 10: 34}
layer  1
{1: 2, 2: 4, 3: 13, 4: 12, 5: 14, 6: 15, 7: 1, 8: 2, 10: 1, 11: 1, 16: 1, 18: 1, 19: 1, 23: 1, 25: 6}
layer  2
{6: 11}

layer  0
{1: 7, 2: 36, 3: 37, 4: 24, 5: 27, 6: 11, 7: 8, 8: 2, 9: 3, 10: 24}
layer  1
{2: 4, 3: 3, 4: 5, 5: 5, 6: 3, 7: 6, 9: 1, 10: 1, 25: 4}
layer  2
{7: 4}

layer  0
{1: 3, 2: 16, 3: 17, 4: 19, 5: 28, 6: 9, 7: 4, 8: 7, 9: 2, 10: 19}
layer  1
{2: 4, 3: 2, 4: 4, 5: 5, 6: 3, 8: 3, 13: 1, 25: 4}
layer  2
{8: 3}

layer  0
{1: 5, 2: 26, 3: 39, 4: 35, 5: 41, 6: 17, 7: 6, 8: 8, 9: 5, 10: 31}
layer  1
{2: 4, 3: 6, 4: 8, 5: 8, 6: 2, 8: 1, 9: 4, 17: 1, 18: 1, 23: 1, 25: 4}
layer  2
{9: 4}

layer  0
{1: 8, 2: 20, 3: 15, 4: 35, 5: 14, 6: 11, 7: 8, 8: 7, 9: 2, 10: 21}
layer  1
{2: 5, 3: 3, 4: 8, 5: 4, 6: 2, 7: 2, 8: 2, 10: 3, 13: 1, 16: 1, 17: 1, 25: 1}
layer  2
{10: 3}

layer  0
{1: 2, 2: 14, 3: 11, 4: 7, 5: 5, 6: 4, 7: 1, 9: 2, 10: 10}
layer  1
{1: 1, 2: 4, 3: 2, 5: 2, 11: 1, 12: 1, 25: 1}
layer  2
{11: 1}

layer  0
{1: 3, 2: 15, 3: 15, 4: 26, 5: 17, 6: 12, 7: 6, 8: 5, 10: 15}
layer  1
{2: 1, 3: 2, 4: 7, 5: 6, 6: 3, 7: 3, 10: 1, 12: 2, 25: 1}
layer  2
{12: 2}

layer  0
{1: 3, 2: 7, 3: 13, 4: 14, 5: 4, 6: 6, 7: 2, 8: 2, 9: 2, 10: 13}
layer  1
{2: 3, 3: 5, 4: 3, 6: 4, 7: 1, 8: 1, 9: 1, 11: 1, 19: 1}
layer  2
{19: 1}

layer  0
{1: 2, 2: 12, 3: 22, 4: 13, 5: 14, 6: 10, 7: 1, 8: 3, 9: 1, 10: 17}
layer  1
{3: 4, 4: 3, 5: 2, 6: 3, 8: 1, 9: 1, 10: 4, 12: 1, 17: 1, 19: 1, 21: 1}
layer  2
{21: 1}

layer  0
{1: 8, 2: 32, 3: 38, 4: 33, 5: 43, 6: 14, 7: 11, 8: 12, 9: 6, 10: 39}
layer  1
{1: 1, 2: 5, 3: 9, 4: 11, 5: 11, 6: 8, 7: 3, 8: 4, 9: 1, 11: 1, 12: 1, 16: 1, 17: 1, 21: 1, 25: 4}
layer  2
{30: 2}

data_dict
[[{1: 38, 2: 15, 3: 20, 4: 16, 5: 12, 6: 5, 7: 4, 8: 2, 9: 2, 10: 16}, {1: 25, 2: 3, 3: 3, 4: 3, 5: 1, 6: 1, 7: 1, 17: 1, 23: 1, 25: 1}, {1: 20}], [{1: 20, 2: 80, 3: 46, 4: 53, 5: 38, 6: 28, 7: 9, 8: 6, 9: 6, 10: 30}, {1: 3, 2: 36, 3: 4, 4: 9, 5: 4, 6: 5, 7: 2, 8: 1, 10: 1, 11: 1, 12: 1, 16: 1, 17: 1, 19: 1, 25: 4}, {2: 25}], [{1: 19, 2: 59, 3: 75, 4: 60, 5: 49, 6: 23, 7: 17, 8: 10, 9: 3, 10: 34}, {1: 8, 2: 12, 3: 38, 4: 10, 5: 8, 6: 3, 7: 4, 8: 3, 9: 1, 11: 1, 12: 2, 17: 1, 18: 1, 25: 4}, {3: 26}], [{1: 16, 2: 64, 3: 79, 4: 96, 5: 69, 6: 36, 7: 16, 8: 13, 9: 11, 10: 45}, {1: 2, 2: 8, 3: 16, 4: 30, 5: 9, 6: 15, 7: 6, 8: 3, 9: 1, 10: 3, 12: 2, 14: 1, 15: 1, 16: 1, 18: 1, 23: 1, 25: 6}, {4: 22}], [{1: 12, 2: 48, 3: 63, 4: 63, 5: 76, 6: 30, 7: 22, 8: 18, 9: 7, 10: 44}, {1: 4, 2: 6, 3: 7, 4: 12, 5: 24, 6: 8, 7: 10, 8: 6, 10: 3, 11: 1, 16: 1, 17: 1, 18: 1, 19: 1, 25: 5}, {5: 15}], [{1: 9, 2: 46, 3: 53, 4: 68, 5: 59, 6: 29, 7: 13, 8: 10, 9: 7, 10: 34}, {1: 2, 2: 4, 3: 13, 4: 12, 5: 14, 6: 15, 7: 1, 8: 2, 10: 1, 11: 1, 16: 1, 18: 1, 19: 1, 23: 1, 25: 6}, {6: 11}], [{1: 7, 2: 36, 3: 37, 4: 24, 5: 27, 6: 11, 7: 8, 8: 2, 9: 3, 10: 24}, {2: 4, 3: 3, 4: 5, 5: 5, 6: 3, 7: 6, 9: 1, 10: 1, 25: 4}, {7: 4}], [{1: 3, 2: 16, 3: 17, 4: 19, 5: 28, 6: 9, 7: 4, 8: 7, 9: 2, 10: 19}, {2: 4, 3: 2, 4: 4, 5: 5, 6: 3, 8: 3, 13: 1, 25: 4}, {8: 3}], [{1: 5, 2: 26, 3: 39, 4: 35, 5: 41, 6: 17, 7: 6, 8: 8, 9: 5, 10: 31}, {2: 4, 3: 6, 4: 8, 5: 8, 6: 2, 8: 1, 9: 4, 17: 1, 18: 1, 23: 1, 25: 4}, {9: 4}], [{1: 8, 2: 20, 3: 15, 4: 35, 5: 14, 6: 11, 7: 8, 8: 7, 9: 2, 10: 21}, {2: 5, 3: 3, 4: 8, 5: 4, 6: 2, 7: 2, 8: 2, 10: 3, 13: 1, 16: 1, 17: 1, 25: 1}, {10: 3}], [{1: 2, 2: 14, 3: 11, 4: 7, 5: 5, 6: 4, 7: 1, 9: 2, 10: 10}, {1: 1, 2: 4, 3: 2, 5: 2, 11: 1, 12: 1, 25: 1}, {11: 1}], [{1: 3, 2: 15, 3: 15, 4: 26, 5: 17, 6: 12, 7: 6, 8: 5, 10: 15}, {2: 1, 3: 2, 4: 7, 5: 6, 6: 3, 7: 3, 10: 1, 12: 2, 25: 1}, {12: 2}], [{1: 3, 2: 7, 3: 13, 4: 14, 5: 4, 6: 6, 7: 2, 8: 2, 9: 2, 10: 13}, {2: 3, 3: 5, 4: 3, 6: 4, 7: 1, 8: 1, 9: 1, 11: 1, 19: 1}, {19: 1}], [{1: 2, 2: 12, 3: 22, 4: 13, 5: 14, 6: 10, 7: 1, 8: 3, 9: 1, 10: 17}, {3: 4, 4: 3, 5: 2, 6: 3, 8: 1, 9: 1, 10: 4, 12: 1, 17: 1, 19: 1, 21: 1}, {21: 1}], [{1: 8, 2: 32, 3: 38, 4: 33, 5: 43, 6: 14, 7: 11, 8: 12, 9: 6, 10: 39}, {1: 1, 2: 5, 3: 9, 4: 11, 5: 11, 6: 8, 7: 3, 8: 4, 9: 1, 11: 1, 12: 1, 16: 1, 17: 1, 21: 1, 25: 4}, {30: 2}]]
estimated_mem_dict
{0: 0.06971544027328491, 1: 0.1890614703297615, 2: 0.22497879713773727, 3: 0.30721720308065414, 4: 0.2771906107664108, 5: 0.2327781245112419, 6: 0.11631198227405548, 7: 0.09440141916275024, 8: 0.1517600566148758, 9: 0.10163620859384537, 10: 0.03699953109025955, 11: 0.0806853398680687, 12: 0.05109997093677521, 13: 0.07383611798286438, 14: 0.18504251539707184}

 MM estimated memory/GB degree 0: 0.06971544027328491 * 4.4879999999999995 *0.24
 MM estimated memory/GB degree 1: 0.1890614703297615 * 3.8543999999999996 *0.24
 MM estimated memory/GB degree 2: 0.22497879713773727 * 2.5107692307692306 *0.24
 MM estimated memory/GB degree 3: 0.30721720308065414 * 2.784545454545454 *0.24
 MM estimated memory/GB degree 4: 0.2771906107664108 * 2.9823999999999997 *0.24
 MM estimated memory/GB degree 5: 0.2327781245112419 * 2.7636363636363637 *0.24
 MM estimated memory/GB degree 6: 0.11631198227405548 * 4.337142857142857 *0.24
 MM estimated memory/GB degree 7: 0.09440141916275024 * 2.94 *0.24
 MM estimated memory/GB degree 8: 0.1517600566148758 * 3.6399999999999997 *0.24
 MM estimated memory/GB degree 9: 0.10163620859384537 * 3.072 *0.24
 MM estimated memory/GB degree 10: 0.03699953109025955 * 3.687272727272727 *0.24
 MM estimated memory/GB degree 11: 0.0806853398680687 * 3.48 *0.24
 MM estimated memory/GB degree 12: 0.05109997093677521 * 2.677894736842105 *0.24
 MM estimated memory/GB degree 13: 0.07383611798286438 * 2.6285714285714286 *0.24
 MM estimated memory/GB degree 14: 0.18504251539707184 * 2.536 *0.24

modified_estimated_mem_list 
[0.07509189502716063, 0.17489244749736782, 0.13556876194293682, 0.20531046393513674, 0.19840638661193843, 0.1543953814940019, 0.12107080394881112, 0.06660964136123657, 0.13257758545875548, 0.07493434387207032, 0.03274256685863841, 0.06738839585781096, 0.03284168237384996, 0.04658004243033272, 0.1126242765712738]

the total length of degree buckets  15
modified_res  [0.07509189502716063, 0.17489244749736782, 0.13556876194293682, 0.20531046393513674, 0.19840638661193843, 0.1543953814940019, 0.12107080394881112, 0.06660964136123657, 0.13257758545875548, 0.07493434387207032, 0.03274256685863841, 0.06738839585781096, 0.03284168237384996, 0.04658004243033272, 0.1126242765712738]
1.6310346752413216
mem size of fanout degree bucket by formula (GB):  [0.06971544027328491, 0.1890614703297615, 0.22497879713773727, 0.30721720308065414, 0.2771906107664108, 0.2327781245112419, 0.11631198227405548, 0.09440141916275024, 0.1517600566148758, 0.10163620859384537, 0.03699953109025955, 0.0806853398680687, 0.05109997093677521, 0.07383611798286438, 0.18504251539707184]

the modified memory estimation spend (sec) 0.008338689804077148
the time of number of fanout blocks generation (sec) 0.14664649963378906
the time dict collection (sec) 0.007942438125610352
the time estimate mem (sec) 0.0002262592315673828
